2024-12-04 13:47:26,447 - __main__ - INFO - CUDA Environment:
2024-12-04 13:47:26,448 - __main__ - INFO - {'cuda_available': True, 'cuda_version': '11.8', 'gpu_name': 'NVIDIA GeForce RTX 4060 Laptop GPU', 'pytorch_version': '2.0.1', 'python_version': '3.10.15 | packaged by conda-forge | (main, Oct 16 2024, 01:15:49) [MSC v.1941 64 bit (AMD64)]', 'gpu_count': 1, 'current_device': 0, 'memory_allocated': '0.00 GB', 'memory_cached': '0.00 GB'}
2024-12-04 13:47:26,448 - __main__ - INFO - Loading and preprocessing data...
2024-12-04 13:47:27,147 - __main__ - INFO - Starting training...
2024-12-04 13:47:27,178 - training.trainer - INFO - Starting training...
2024-12-04 13:47:37,528 - training.trainer - WARNING - Dimension mismatch - outputs: torch.Size([32, 48, 1]), targets: torch.Size([32, 192, 1])
2024-12-04 13:47:37,751 - training.trainer - INFO - Detailed batch 0 info:
2024-12-04 13:47:37,751 - training.trainer - INFO - Input sequence length: 192
2024-12-04 13:47:37,751 - training.trainer - INFO - Output sequence length: 48
2024-12-04 13:47:37,751 - training.trainer - INFO - Target sequence length: 48
2024-12-04 13:47:37,812 - training.trainer - WARNING - Dimension mismatch - outputs: torch.Size([32, 48, 1]), targets: torch.Size([32, 192, 1])
2024-12-04 13:47:37,919 - training.trainer - INFO - Detailed batch 1 info:
2024-12-04 13:47:37,919 - training.trainer - INFO - Input sequence length: 192
2024-12-04 13:47:37,919 - training.trainer - INFO - Output sequence length: 48
2024-12-04 13:47:37,919 - training.trainer - INFO - Target sequence length: 48
2024-12-04 13:47:37,985 - training.trainer - WARNING - Dimension mismatch - outputs: torch.Size([32, 48, 1]), targets: torch.Size([32, 192, 1])
2024-12-04 13:47:38,054 - training.trainer - INFO - Detailed batch 2 info:
2024-12-04 13:47:38,054 - training.trainer - INFO - Input sequence length: 192
2024-12-04 13:47:38,054 - training.trainer - INFO - Output sequence length: 48
2024-12-04 13:47:38,054 - training.trainer - INFO - Target sequence length: 48
2024-12-04 13:47:38,079 - training.trainer - WARNING - Dimension mismatch - outputs: torch.Size([32, 48, 1]), targets: torch.Size([32, 192, 1])
2024-12-04 13:47:38,152 - training.trainer - WARNING - Dimension mismatch - outputs: torch.Size([32, 48, 1]), targets: torch.Size([32, 192, 1])
2024-12-04 13:47:38,217 - training.trainer - WARNING - Dimension mismatch - outputs: torch.Size([32, 48, 1]), targets: torch.Size([32, 192, 1])
2024-12-04 13:47:38,270 - training.trainer - WARNING - Dimension mismatch - outputs: torch.Size([32, 48, 1]), targets: torch.Size([32, 192, 1])
2024-12-04 13:47:38,349 - training.trainer - WARNING - Dimension mismatch - outputs: torch.Size([32, 48, 1]), targets: torch.Size([32, 192, 1])
2024-12-04 13:47:38,411 - training.trainer - WARNING - Dimension mismatch - outputs: torch.Size([32, 48, 1]), targets: torch.Size([32, 192, 1])
2024-12-04 13:47:38,464 - training.trainer - WARNING - Dimension mismatch - outputs: torch.Size([32, 48, 1]), targets: torch.Size([32, 192, 1])
2024-12-04 13:47:38,493 - training.trainer - WARNING - Dimension mismatch - outputs: torch.Size([32, 48, 1]), targets: torch.Size([32, 192, 1])
2024-12-04 13:47:38,529 - training.trainer - WARNING - Dimension mismatch - outputs: torch.Size([32, 48, 1]), targets: torch.Size([32, 192, 1])
2024-12-04 13:47:38,555 - training.trainer - WARNING - Dimension mismatch - outputs: torch.Size([32, 48, 1]), targets: torch.Size([32, 192, 1])
2024-12-04 13:47:38,583 - training.trainer - WARNING - Dimension mismatch - outputs: torch.Size([32, 48, 1]), targets: torch.Size([32, 192, 1])
2024-12-04 13:47:38,613 - training.trainer - WARNING - Dimension mismatch - outputs: torch.Size([32, 48, 1]), targets: torch.Size([32, 192, 1])
2024-12-04 13:47:38,647 - training.trainer - WARNING - Dimension mismatch - outputs: torch.Size([32, 48, 1]), targets: torch.Size([32, 192, 1])
2024-12-04 13:47:38,690 - training.trainer - WARNING - Dimension mismatch - outputs: torch.Size([32, 48, 1]), targets: torch.Size([32, 192, 1])
2024-12-04 13:47:38,715 - training.trainer - WARNING - Dimension mismatch - outputs: torch.Size([32, 48, 1]), targets: torch.Size([32, 192, 1])
2024-12-04 13:47:38,743 - training.trainer - WARNING - Dimension mismatch - outputs: torch.Size([32, 48, 1]), targets: torch.Size([32, 192, 1])
2024-12-04 13:47:38,773 - training.trainer - WARNING - Dimension mismatch - outputs: torch.Size([32, 48, 1]), targets: torch.Size([32, 192, 1])
2024-12-04 13:47:38,799 - training.trainer - WARNING - Dimension mismatch - outputs: torch.Size([32, 48, 1]), targets: torch.Size([32, 192, 1])
2024-12-04 13:47:38,833 - training.trainer - WARNING - Dimension mismatch - outputs: torch.Size([32, 48, 1]), targets: torch.Size([32, 192, 1])
2024-12-04 13:47:38,861 - training.trainer - WARNING - Dimension mismatch - outputs: torch.Size([32, 48, 1]), targets: torch.Size([32, 192, 1])
2024-12-04 13:47:38,888 - training.trainer - WARNING - Dimension mismatch - outputs: torch.Size([32, 48, 1]), targets: torch.Size([32, 192, 1])
2024-12-04 13:47:38,912 - training.trainer - WARNING - Dimension mismatch - outputs: torch.Size([32, 48, 1]), targets: torch.Size([32, 192, 1])
2024-12-04 13:47:38,943 - training.trainer - WARNING - Dimension mismatch - outputs: torch.Size([32, 48, 1]), targets: torch.Size([32, 192, 1])
2024-12-04 13:47:38,974 - training.trainer - WARNING - Dimension mismatch - outputs: torch.Size([32, 48, 1]), targets: torch.Size([32, 192, 1])
2024-12-04 13:47:39,012 - training.trainer - WARNING - Dimension mismatch - outputs: torch.Size([32, 48, 1]), targets: torch.Size([32, 192, 1])
2024-12-04 13:47:39,058 - training.trainer - WARNING - Dimension mismatch - outputs: torch.Size([32, 48, 1]), targets: torch.Size([32, 192, 1])
2024-12-04 13:47:39,096 - training.trainer - WARNING - Dimension mismatch - outputs: torch.Size([32, 48, 1]), targets: torch.Size([32, 192, 1])
2024-12-04 13:47:39,116 - training.trainer - WARNING - Dimension mismatch - outputs: torch.Size([32, 48, 1]), targets: torch.Size([32, 192, 1])
2024-12-04 13:47:39,153 - training.trainer - WARNING - Dimension mismatch - outputs: torch.Size([32, 48, 1]), targets: torch.Size([32, 192, 1])
2024-12-04 13:47:39,182 - training.trainer - WARNING - Dimension mismatch - outputs: torch.Size([32, 48, 1]), targets: torch.Size([32, 192, 1])
2024-12-04 13:47:39,211 - training.trainer - WARNING - Dimension mismatch - outputs: torch.Size([32, 48, 1]), targets: torch.Size([32, 192, 1])
2024-12-04 13:47:39,240 - training.trainer - WARNING - Dimension mismatch - outputs: torch.Size([32, 48, 1]), targets: torch.Size([32, 192, 1])
2024-12-04 13:47:39,275 - training.trainer - WARNING - Dimension mismatch - outputs: torch.Size([32, 48, 1]), targets: torch.Size([32, 192, 1])
2024-12-04 13:47:39,307 - training.trainer - WARNING - Dimension mismatch - outputs: torch.Size([32, 48, 1]), targets: torch.Size([32, 192, 1])
2024-12-04 13:47:39,333 - training.trainer - WARNING - Dimension mismatch - outputs: torch.Size([32, 48, 1]), targets: torch.Size([32, 192, 1])
2024-12-04 13:47:39,364 - training.trainer - WARNING - Dimension mismatch - outputs: torch.Size([32, 48, 1]), targets: torch.Size([32, 192, 1])
2024-12-04 13:47:39,389 - training.trainer - WARNING - Dimension mismatch - outputs: torch.Size([32, 48, 1]), targets: torch.Size([32, 192, 1])
2024-12-04 13:47:39,418 - training.trainer - WARNING - Dimension mismatch - outputs: torch.Size([32, 48, 1]), targets: torch.Size([32, 192, 1])
2024-12-04 13:47:39,447 - training.trainer - WARNING - Dimension mismatch - outputs: torch.Size([32, 48, 1]), targets: torch.Size([32, 192, 1])
2024-12-04 13:47:39,474 - training.trainer - WARNING - Dimension mismatch - outputs: torch.Size([32, 48, 1]), targets: torch.Size([32, 192, 1])
2024-12-04 13:47:39,501 - training.trainer - WARNING - Dimension mismatch - outputs: torch.Size([32, 48, 1]), targets: torch.Size([32, 192, 1])
2024-12-04 13:47:39,530 - training.trainer - WARNING - Dimension mismatch - outputs: torch.Size([32, 48, 1]), targets: torch.Size([32, 192, 1])
2024-12-04 13:47:39,558 - training.trainer - WARNING - Dimension mismatch - outputs: torch.Size([32, 48, 1]), targets: torch.Size([32, 192, 1])
2024-12-04 13:47:39,582 - training.trainer - WARNING - Dimension mismatch - outputs: torch.Size([32, 48, 1]), targets: torch.Size([32, 192, 1])
2024-12-04 13:47:39,611 - training.trainer - WARNING - Dimension mismatch - outputs: torch.Size([32, 48, 1]), targets: torch.Size([32, 192, 1])
2024-12-04 13:47:39,645 - training.trainer - WARNING - Dimension mismatch - outputs: torch.Size([32, 48, 1]), targets: torch.Size([32, 192, 1])
2024-12-04 13:47:39,679 - training.trainer - WARNING - Dimension mismatch - outputs: torch.Size([32, 48, 1]), targets: torch.Size([32, 192, 1])
2024-12-04 13:47:39,708 - training.trainer - WARNING - Dimension mismatch - outputs: torch.Size([32, 48, 1]), targets: torch.Size([32, 192, 1])
2024-12-04 13:47:39,736 - training.trainer - WARNING - Dimension mismatch - outputs: torch.Size([32, 48, 1]), targets: torch.Size([32, 192, 1])
2024-12-04 13:47:39,767 - training.trainer - WARNING - Dimension mismatch - outputs: torch.Size([32, 48, 1]), targets: torch.Size([32, 192, 1])
2024-12-04 13:47:39,791 - training.trainer - WARNING - Dimension mismatch - outputs: torch.Size([32, 48, 1]), targets: torch.Size([32, 192, 1])
2024-12-04 13:47:39,819 - training.trainer - WARNING - Dimension mismatch - outputs: torch.Size([32, 48, 1]), targets: torch.Size([32, 192, 1])
2024-12-04 13:47:39,849 - training.trainer - WARNING - Dimension mismatch - outputs: torch.Size([32, 48, 1]), targets: torch.Size([32, 192, 1])
2024-12-04 13:47:39,877 - training.trainer - WARNING - Dimension mismatch - outputs: torch.Size([32, 48, 1]), targets: torch.Size([32, 192, 1])
2024-12-04 13:47:39,901 - training.trainer - WARNING - Dimension mismatch - outputs: torch.Size([32, 48, 1]), targets: torch.Size([32, 192, 1])
2024-12-04 13:47:39,929 - training.trainer - WARNING - Dimension mismatch - outputs: torch.Size([32, 48, 1]), targets: torch.Size([32, 192, 1])
2024-12-04 13:47:39,960 - training.trainer - WARNING - Dimension mismatch - outputs: torch.Size([32, 48, 1]), targets: torch.Size([32, 192, 1])
2024-12-04 13:47:39,992 - training.trainer - WARNING - Dimension mismatch - outputs: torch.Size([32, 48, 1]), targets: torch.Size([32, 192, 1])
2024-12-04 13:47:40,024 - training.trainer - WARNING - Dimension mismatch - outputs: torch.Size([32, 48, 1]), targets: torch.Size([32, 192, 1])
2024-12-04 13:47:40,050 - training.trainer - WARNING - Dimension mismatch - outputs: torch.Size([32, 48, 1]), targets: torch.Size([32, 192, 1])
2024-12-04 13:47:40,081 - training.trainer - WARNING - Dimension mismatch - outputs: torch.Size([32, 48, 1]), targets: torch.Size([32, 192, 1])
2024-12-04 13:47:40,112 - training.trainer - WARNING - Dimension mismatch - outputs: torch.Size([32, 48, 1]), targets: torch.Size([32, 192, 1])
2024-12-04 13:47:40,140 - training.trainer - WARNING - Dimension mismatch - outputs: torch.Size([32, 48, 1]), targets: torch.Size([32, 192, 1])
2024-12-04 13:47:40,172 - training.trainer - WARNING - Dimension mismatch - outputs: torch.Size([32, 48, 1]), targets: torch.Size([32, 192, 1])
2024-12-04 13:47:40,209 - training.trainer - WARNING - Dimension mismatch - outputs: torch.Size([32, 48, 1]), targets: torch.Size([32, 192, 1])
2024-12-04 13:47:40,239 - training.trainer - WARNING - Dimension mismatch - outputs: torch.Size([32, 48, 1]), targets: torch.Size([32, 192, 1])
2024-12-04 13:47:40,270 - training.trainer - WARNING - Dimension mismatch - outputs: torch.Size([32, 48, 1]), targets: torch.Size([32, 192, 1])
2024-12-04 13:47:40,302 - training.trainer - WARNING - Dimension mismatch - outputs: torch.Size([32, 48, 1]), targets: torch.Size([32, 192, 1])
2024-12-04 13:47:40,329 - training.trainer - WARNING - Dimension mismatch - outputs: torch.Size([32, 48, 1]), targets: torch.Size([32, 192, 1])
2024-12-04 13:47:40,358 - training.trainer - WARNING - Dimension mismatch - outputs: torch.Size([32, 48, 1]), targets: torch.Size([32, 192, 1])
2024-12-04 13:47:40,387 - training.trainer - WARNING - Dimension mismatch - outputs: torch.Size([32, 48, 1]), targets: torch.Size([32, 192, 1])
2024-12-04 13:47:40,416 - training.trainer - WARNING - Dimension mismatch - outputs: torch.Size([32, 48, 1]), targets: torch.Size([32, 192, 1])
2024-12-04 13:47:40,443 - training.trainer - WARNING - Dimension mismatch - outputs: torch.Size([32, 48, 1]), targets: torch.Size([32, 192, 1])
2024-12-04 13:47:40,475 - training.trainer - WARNING - Dimension mismatch - outputs: torch.Size([32, 48, 1]), targets: torch.Size([32, 192, 1])
2024-12-04 13:47:40,507 - training.trainer - WARNING - Dimension mismatch - outputs: torch.Size([32, 48, 1]), targets: torch.Size([32, 192, 1])
2024-12-04 13:47:40,536 - training.trainer - WARNING - Dimension mismatch - outputs: torch.Size([32, 48, 1]), targets: torch.Size([32, 192, 1])
2024-12-04 13:47:40,561 - training.trainer - WARNING - Dimension mismatch - outputs: torch.Size([32, 48, 1]), targets: torch.Size([32, 192, 1])
2024-12-04 13:47:40,594 - training.trainer - WARNING - Dimension mismatch - outputs: torch.Size([32, 48, 1]), targets: torch.Size([32, 192, 1])
2024-12-04 13:47:40,627 - training.trainer - WARNING - Dimension mismatch - outputs: torch.Size([32, 48, 1]), targets: torch.Size([32, 192, 1])
2024-12-04 13:47:40,662 - training.trainer - WARNING - Dimension mismatch - outputs: torch.Size([32, 48, 1]), targets: torch.Size([32, 192, 1])
2024-12-04 13:47:40,685 - training.trainer - WARNING - Dimension mismatch - outputs: torch.Size([32, 48, 1]), targets: torch.Size([32, 192, 1])
2024-12-04 13:47:40,720 - training.trainer - WARNING - Dimension mismatch - outputs: torch.Size([32, 48, 1]), targets: torch.Size([32, 192, 1])
2024-12-04 13:47:40,751 - training.trainer - WARNING - Dimension mismatch - outputs: torch.Size([32, 48, 1]), targets: torch.Size([32, 192, 1])
2024-12-04 13:47:40,785 - training.trainer - WARNING - Dimension mismatch - outputs: torch.Size([32, 48, 1]), targets: torch.Size([32, 192, 1])
2024-12-04 13:47:40,813 - training.trainer - WARNING - Dimension mismatch - outputs: torch.Size([32, 48, 1]), targets: torch.Size([32, 192, 1])
2024-12-04 13:47:40,845 - training.trainer - WARNING - Dimension mismatch - outputs: torch.Size([32, 48, 1]), targets: torch.Size([32, 192, 1])
2024-12-04 13:47:40,879 - training.trainer - WARNING - Dimension mismatch - outputs: torch.Size([32, 48, 1]), targets: torch.Size([32, 192, 1])
2024-12-04 13:47:40,913 - training.trainer - WARNING - Dimension mismatch - outputs: torch.Size([32, 48, 1]), targets: torch.Size([32, 192, 1])
2024-12-04 13:47:40,943 - training.trainer - WARNING - Dimension mismatch - outputs: torch.Size([32, 48, 1]), targets: torch.Size([32, 192, 1])
2024-12-04 13:47:40,972 - training.trainer - WARNING - Dimension mismatch - outputs: torch.Size([32, 48, 1]), targets: torch.Size([32, 192, 1])
2024-12-04 13:47:41,007 - training.trainer - WARNING - Dimension mismatch - outputs: torch.Size([32, 48, 1]), targets: torch.Size([32, 192, 1])
2024-12-04 13:47:41,058 - training.trainer - WARNING - Dimension mismatch - outputs: torch.Size([32, 48, 1]), targets: torch.Size([32, 192, 1])
2024-12-04 13:47:41,083 - training.trainer - WARNING - Dimension mismatch - outputs: torch.Size([32, 48, 1]), targets: torch.Size([32, 192, 1])
2024-12-04 13:47:41,110 - training.trainer - WARNING - Dimension mismatch - outputs: torch.Size([32, 48, 1]), targets: torch.Size([32, 192, 1])
2024-12-04 13:47:41,138 - training.trainer - WARNING - Dimension mismatch - outputs: torch.Size([32, 48, 1]), targets: torch.Size([32, 192, 1])
2024-12-04 13:47:41,162 - training.trainer - WARNING - Dimension mismatch - outputs: torch.Size([32, 48, 1]), targets: torch.Size([32, 192, 1])
2024-12-04 13:47:41,192 - training.trainer - WARNING - Dimension mismatch - outputs: torch.Size([32, 48, 1]), targets: torch.Size([32, 192, 1])
2024-12-04 13:47:41,220 - training.trainer - WARNING - Dimension mismatch - outputs: torch.Size([32, 48, 1]), targets: torch.Size([32, 192, 1])
2024-12-04 13:47:41,256 - training.trainer - WARNING - Dimension mismatch - outputs: torch.Size([32, 48, 1]), targets: torch.Size([32, 192, 1])
2024-12-04 13:47:41,285 - training.trainer - WARNING - Dimension mismatch - outputs: torch.Size([32, 48, 1]), targets: torch.Size([32, 192, 1])
2024-12-04 13:47:41,315 - training.trainer - WARNING - Dimension mismatch - outputs: torch.Size([32, 48, 1]), targets: torch.Size([32, 192, 1])
2024-12-04 13:47:41,347 - training.trainer - WARNING - Dimension mismatch - outputs: torch.Size([32, 48, 1]), targets: torch.Size([32, 192, 1])
2024-12-04 13:47:41,379 - training.trainer - WARNING - Dimension mismatch - outputs: torch.Size([32, 48, 1]), targets: torch.Size([32, 192, 1])
2024-12-04 13:47:41,406 - training.trainer - WARNING - Dimension mismatch - outputs: torch.Size([32, 48, 1]), targets: torch.Size([32, 192, 1])
2024-12-04 13:47:41,440 - training.trainer - WARNING - Dimension mismatch - outputs: torch.Size([32, 48, 1]), targets: torch.Size([32, 192, 1])
2024-12-04 13:47:41,470 - training.trainer - WARNING - Dimension mismatch - outputs: torch.Size([32, 48, 1]), targets: torch.Size([32, 192, 1])
2024-12-04 13:47:41,498 - training.trainer - WARNING - Dimension mismatch - outputs: torch.Size([32, 48, 1]), targets: torch.Size([32, 192, 1])
2024-12-04 13:47:41,527 - training.trainer - WARNING - Dimension mismatch - outputs: torch.Size([32, 48, 1]), targets: torch.Size([32, 192, 1])
2024-12-04 13:47:41,555 - training.trainer - WARNING - Dimension mismatch - outputs: torch.Size([32, 48, 1]), targets: torch.Size([32, 192, 1])
2024-12-04 13:47:41,583 - training.trainer - WARNING - Dimension mismatch - outputs: torch.Size([32, 48, 1]), targets: torch.Size([32, 192, 1])
2024-12-04 13:47:41,613 - training.trainer - WARNING - Dimension mismatch - outputs: torch.Size([32, 48, 1]), targets: torch.Size([32, 192, 1])
2024-12-04 13:47:41,649 - training.trainer - WARNING - Dimension mismatch - outputs: torch.Size([32, 48, 1]), targets: torch.Size([32, 192, 1])
2024-12-04 13:47:41,679 - training.trainer - WARNING - Dimension mismatch - outputs: torch.Size([32, 48, 1]), targets: torch.Size([32, 192, 1])
2024-12-04 13:47:41,700 - training.trainer - WARNING - Dimension mismatch - outputs: torch.Size([32, 48, 1]), targets: torch.Size([32, 192, 1])
2024-12-04 13:47:41,720 - training.trainer - WARNING - Dimension mismatch - outputs: torch.Size([32, 48, 1]), targets: torch.Size([32, 192, 1])
2024-12-04 13:47:41,764 - training.trainer - WARNING - Dimension mismatch - outputs: torch.Size([32, 48, 1]), targets: torch.Size([32, 192, 1])
2024-12-04 13:47:41,795 - training.trainer - WARNING - Dimension mismatch - outputs: torch.Size([32, 48, 1]), targets: torch.Size([32, 192, 1])
2024-12-04 13:47:41,833 - training.trainer - WARNING - Dimension mismatch - outputs: torch.Size([32, 48, 1]), targets: torch.Size([32, 192, 1])
2024-12-04 13:47:41,869 - training.trainer - WARNING - Dimension mismatch - outputs: torch.Size([32, 48, 1]), targets: torch.Size([32, 192, 1])
2024-12-04 13:47:41,896 - training.trainer - WARNING - Dimension mismatch - outputs: torch.Size([32, 48, 1]), targets: torch.Size([32, 192, 1])
2024-12-04 13:47:41,928 - training.trainer - WARNING - Dimension mismatch - outputs: torch.Size([32, 48, 1]), targets: torch.Size([32, 192, 1])
2024-12-04 13:47:41,958 - training.trainer - WARNING - Dimension mismatch - outputs: torch.Size([32, 48, 1]), targets: torch.Size([32, 192, 1])
2024-12-04 13:47:41,983 - training.trainer - WARNING - Dimension mismatch - outputs: torch.Size([32, 48, 1]), targets: torch.Size([32, 192, 1])
2024-12-04 13:47:42,012 - training.trainer - WARNING - Dimension mismatch - outputs: torch.Size([32, 48, 1]), targets: torch.Size([32, 192, 1])
2024-12-04 13:47:42,040 - training.trainer - WARNING - Dimension mismatch - outputs: torch.Size([32, 48, 1]), targets: torch.Size([32, 192, 1])
2024-12-04 13:47:42,067 - training.trainer - WARNING - Dimension mismatch - outputs: torch.Size([32, 48, 1]), targets: torch.Size([32, 192, 1])
2024-12-04 13:47:42,096 - training.trainer - WARNING - Dimension mismatch - outputs: torch.Size([32, 48, 1]), targets: torch.Size([32, 192, 1])
2024-12-04 13:47:42,127 - training.trainer - WARNING - Dimension mismatch - outputs: torch.Size([32, 48, 1]), targets: torch.Size([32, 192, 1])
2024-12-04 13:47:42,154 - training.trainer - WARNING - Dimension mismatch - outputs: torch.Size([32, 48, 1]), targets: torch.Size([32, 192, 1])
2024-12-04 13:47:42,182 - training.trainer - WARNING - Dimension mismatch - outputs: torch.Size([32, 48, 1]), targets: torch.Size([32, 192, 1])
2024-12-04 13:47:42,210 - training.trainer - WARNING - Dimension mismatch - outputs: torch.Size([32, 48, 1]), targets: torch.Size([32, 192, 1])
2024-12-04 13:47:42,234 - training.trainer - WARNING - Dimension mismatch - outputs: torch.Size([32, 48, 1]), targets: torch.Size([32, 192, 1])
2024-12-04 13:47:42,263 - training.trainer - WARNING - Dimension mismatch - outputs: torch.Size([32, 48, 1]), targets: torch.Size([32, 192, 1])
2024-12-04 13:47:42,290 - training.trainer - WARNING - Dimension mismatch - outputs: torch.Size([32, 48, 1]), targets: torch.Size([32, 192, 1])
2024-12-04 13:47:42,318 - training.trainer - WARNING - Dimension mismatch - outputs: torch.Size([32, 48, 1]), targets: torch.Size([32, 192, 1])
2024-12-04 13:47:42,343 - training.trainer - WARNING - Dimension mismatch - outputs: torch.Size([32, 48, 1]), targets: torch.Size([32, 192, 1])
2024-12-04 13:47:42,368 - training.trainer - WARNING - Dimension mismatch - outputs: torch.Size([32, 48, 1]), targets: torch.Size([32, 192, 1])
2024-12-04 13:47:42,394 - training.trainer - WARNING - Dimension mismatch - outputs: torch.Size([32, 48, 1]), targets: torch.Size([32, 192, 1])
2024-12-04 13:47:42,426 - training.trainer - WARNING - Dimension mismatch - outputs: torch.Size([32, 48, 1]), targets: torch.Size([32, 192, 1])
2024-12-04 13:47:42,457 - training.trainer - WARNING - Dimension mismatch - outputs: torch.Size([32, 48, 1]), targets: torch.Size([32, 192, 1])
2024-12-04 13:47:42,486 - training.trainer - WARNING - Dimension mismatch - outputs: torch.Size([32, 48, 1]), targets: torch.Size([32, 192, 1])
2024-12-04 13:47:42,499 - training.trainer - WARNING - Dimension mismatch - outputs: torch.Size([32, 48, 1]), targets: torch.Size([32, 192, 1])
2024-12-04 13:47:42,543 - training.trainer - WARNING - Dimension mismatch - outputs: torch.Size([32, 48, 1]), targets: torch.Size([32, 192, 1])
2024-12-04 13:47:42,568 - training.trainer - WARNING - Dimension mismatch - outputs: torch.Size([32, 48, 1]), targets: torch.Size([32, 192, 1])
2024-12-04 13:47:42,599 - training.trainer - WARNING - Dimension mismatch - outputs: torch.Size([32, 48, 1]), targets: torch.Size([32, 192, 1])
2024-12-04 13:47:42,614 - training.trainer - WARNING - Dimension mismatch - outputs: torch.Size([32, 48, 1]), targets: torch.Size([32, 192, 1])
2024-12-04 13:47:42,652 - training.trainer - WARNING - Dimension mismatch - outputs: torch.Size([32, 48, 1]), targets: torch.Size([32, 192, 1])
2024-12-04 13:47:42,682 - training.trainer - WARNING - Dimension mismatch - outputs: torch.Size([32, 48, 1]), targets: torch.Size([32, 192, 1])
2024-12-04 13:47:42,708 - training.trainer - WARNING - Dimension mismatch - outputs: torch.Size([32, 48, 1]), targets: torch.Size([32, 192, 1])
2024-12-04 13:47:42,736 - training.trainer - WARNING - Dimension mismatch - outputs: torch.Size([32, 48, 1]), targets: torch.Size([32, 192, 1])
2024-12-04 13:47:42,764 - training.trainer - WARNING - Dimension mismatch - outputs: torch.Size([32, 48, 1]), targets: torch.Size([32, 192, 1])
2024-12-04 13:47:42,794 - training.trainer - WARNING - Dimension mismatch - outputs: torch.Size([32, 48, 1]), targets: torch.Size([32, 192, 1])
2024-12-04 13:47:42,821 - training.trainer - WARNING - Dimension mismatch - outputs: torch.Size([32, 48, 1]), targets: torch.Size([32, 192, 1])
2024-12-04 13:47:42,849 - training.trainer - WARNING - Dimension mismatch - outputs: torch.Size([32, 48, 1]), targets: torch.Size([32, 192, 1])
2024-12-04 13:47:42,878 - training.trainer - WARNING - Dimension mismatch - outputs: torch.Size([32, 48, 1]), targets: torch.Size([32, 192, 1])
2024-12-04 13:47:42,905 - training.trainer - WARNING - Dimension mismatch - outputs: torch.Size([32, 48, 1]), targets: torch.Size([32, 192, 1])
2024-12-04 13:47:42,928 - training.trainer - WARNING - Dimension mismatch - outputs: torch.Size([32, 48, 1]), targets: torch.Size([32, 192, 1])
2024-12-04 13:47:42,963 - training.trainer - WARNING - Dimension mismatch - outputs: torch.Size([32, 48, 1]), targets: torch.Size([32, 192, 1])
2024-12-04 13:47:42,985 - training.trainer - WARNING - Dimension mismatch - outputs: torch.Size([32, 48, 1]), targets: torch.Size([32, 192, 1])
2024-12-04 13:47:43,025 - training.trainer - WARNING - Dimension mismatch - outputs: torch.Size([32, 48, 1]), targets: torch.Size([32, 192, 1])
2024-12-04 13:47:43,052 - training.trainer - WARNING - Dimension mismatch - outputs: torch.Size([32, 48, 1]), targets: torch.Size([32, 192, 1])
2024-12-04 13:47:43,086 - training.trainer - WARNING - Dimension mismatch - outputs: torch.Size([32, 48, 1]), targets: torch.Size([32, 192, 1])
2024-12-04 13:47:43,119 - training.trainer - WARNING - Dimension mismatch - outputs: torch.Size([32, 48, 1]), targets: torch.Size([32, 192, 1])
2024-12-04 13:47:43,150 - training.trainer - WARNING - Dimension mismatch - outputs: torch.Size([32, 48, 1]), targets: torch.Size([32, 192, 1])
2024-12-04 13:47:43,175 - training.trainer - WARNING - Dimension mismatch - outputs: torch.Size([32, 48, 1]), targets: torch.Size([32, 192, 1])
2024-12-04 13:47:43,200 - training.trainer - WARNING - Dimension mismatch - outputs: torch.Size([32, 48, 1]), targets: torch.Size([32, 192, 1])
2024-12-04 13:47:43,228 - training.trainer - WARNING - Dimension mismatch - outputs: torch.Size([32, 48, 1]), targets: torch.Size([32, 192, 1])
2024-12-04 13:47:43,260 - training.trainer - WARNING - Dimension mismatch - outputs: torch.Size([32, 48, 1]), targets: torch.Size([32, 192, 1])
2024-12-04 13:47:43,283 - training.trainer - WARNING - Dimension mismatch - outputs: torch.Size([32, 48, 1]), targets: torch.Size([32, 192, 1])
2024-12-04 13:47:43,313 - training.trainer - WARNING - Dimension mismatch - outputs: torch.Size([32, 48, 1]), targets: torch.Size([32, 192, 1])
2024-12-04 13:47:43,340 - training.trainer - WARNING - Dimension mismatch - outputs: torch.Size([32, 48, 1]), targets: torch.Size([32, 192, 1])
2024-12-04 13:47:43,368 - training.trainer - WARNING - Dimension mismatch - outputs: torch.Size([32, 48, 1]), targets: torch.Size([32, 192, 1])
2024-12-04 13:47:43,398 - training.trainer - WARNING - Dimension mismatch - outputs: torch.Size([32, 48, 1]), targets: torch.Size([32, 192, 1])
2024-12-04 13:47:43,429 - training.trainer - WARNING - Dimension mismatch - outputs: torch.Size([32, 48, 1]), targets: torch.Size([32, 192, 1])
2024-12-04 13:47:43,455 - training.trainer - WARNING - Dimension mismatch - outputs: torch.Size([32, 48, 1]), targets: torch.Size([32, 192, 1])
2024-12-04 13:47:43,492 - training.trainer - WARNING - Dimension mismatch - outputs: torch.Size([32, 48, 1]), targets: torch.Size([32, 192, 1])
2024-12-04 13:47:43,537 - training.trainer - WARNING - Dimension mismatch - outputs: torch.Size([32, 48, 1]), targets: torch.Size([32, 192, 1])
2024-12-04 13:47:43,546 - training.trainer - WARNING - Dimension mismatch - outputs: torch.Size([32, 48, 1]), targets: torch.Size([32, 192, 1])
2024-12-04 13:47:43,583 - training.trainer - WARNING - Dimension mismatch - outputs: torch.Size([32, 48, 1]), targets: torch.Size([32, 192, 1])
2024-12-04 13:47:43,610 - training.trainer - WARNING - Dimension mismatch - outputs: torch.Size([32, 48, 1]), targets: torch.Size([32, 192, 1])
2024-12-04 13:47:43,638 - training.trainer - WARNING - Dimension mismatch - outputs: torch.Size([32, 48, 1]), targets: torch.Size([32, 192, 1])
2024-12-04 13:47:43,668 - training.trainer - WARNING - Dimension mismatch - outputs: torch.Size([32, 48, 1]), targets: torch.Size([32, 192, 1])
2024-12-04 13:47:43,695 - training.trainer - WARNING - Dimension mismatch - outputs: torch.Size([32, 48, 1]), targets: torch.Size([32, 192, 1])
2024-12-04 13:47:43,724 - training.trainer - WARNING - Dimension mismatch - outputs: torch.Size([32, 48, 1]), targets: torch.Size([32, 192, 1])
2024-12-04 13:47:43,749 - training.trainer - WARNING - Dimension mismatch - outputs: torch.Size([32, 48, 1]), targets: torch.Size([32, 192, 1])
2024-12-04 13:47:43,775 - training.trainer - WARNING - Dimension mismatch - outputs: torch.Size([32, 48, 1]), targets: torch.Size([32, 192, 1])
2024-12-04 13:47:43,803 - training.trainer - WARNING - Dimension mismatch - outputs: torch.Size([32, 48, 1]), targets: torch.Size([32, 192, 1])
2024-12-04 13:47:43,831 - training.trainer - WARNING - Dimension mismatch - outputs: torch.Size([32, 48, 1]), targets: torch.Size([32, 192, 1])
2024-12-04 13:47:43,858 - training.trainer - WARNING - Dimension mismatch - outputs: torch.Size([32, 48, 1]), targets: torch.Size([32, 192, 1])
2024-12-04 13:47:43,884 - training.trainer - WARNING - Dimension mismatch - outputs: torch.Size([32, 48, 1]), targets: torch.Size([32, 192, 1])
2024-12-04 13:47:43,917 - training.trainer - WARNING - Dimension mismatch - outputs: torch.Size([32, 48, 1]), targets: torch.Size([32, 192, 1])
2024-12-04 13:47:43,943 - training.trainer - WARNING - Dimension mismatch - outputs: torch.Size([32, 48, 1]), targets: torch.Size([32, 192, 1])
2024-12-04 13:47:43,972 - training.trainer - WARNING - Dimension mismatch - outputs: torch.Size([32, 48, 1]), targets: torch.Size([32, 192, 1])
2024-12-04 13:47:44,004 - training.trainer - WARNING - Dimension mismatch - outputs: torch.Size([32, 48, 1]), targets: torch.Size([32, 192, 1])
2024-12-04 13:47:44,034 - training.trainer - WARNING - Dimension mismatch - outputs: torch.Size([32, 48, 1]), targets: torch.Size([32, 192, 1])
2024-12-04 13:47:44,060 - training.trainer - WARNING - Dimension mismatch - outputs: torch.Size([32, 48, 1]), targets: torch.Size([32, 192, 1])
2024-12-04 13:47:44,090 - training.trainer - WARNING - Dimension mismatch - outputs: torch.Size([32, 48, 1]), targets: torch.Size([32, 192, 1])
2024-12-04 13:47:44,120 - training.trainer - WARNING - Dimension mismatch - outputs: torch.Size([32, 48, 1]), targets: torch.Size([32, 192, 1])
2024-12-04 13:47:44,152 - training.trainer - WARNING - Dimension mismatch - outputs: torch.Size([32, 48, 1]), targets: torch.Size([32, 192, 1])
2024-12-04 13:47:44,187 - training.trainer - WARNING - Dimension mismatch - outputs: torch.Size([32, 48, 1]), targets: torch.Size([32, 192, 1])
2024-12-04 13:47:44,207 - training.trainer - WARNING - Dimension mismatch - outputs: torch.Size([32, 48, 1]), targets: torch.Size([32, 192, 1])
2024-12-04 13:47:44,234 - training.trainer - WARNING - Dimension mismatch - outputs: torch.Size([32, 48, 1]), targets: torch.Size([32, 192, 1])
2024-12-04 13:47:44,265 - training.trainer - WARNING - Dimension mismatch - outputs: torch.Size([32, 48, 1]), targets: torch.Size([32, 192, 1])
2024-12-04 13:47:44,289 - training.trainer - WARNING - Dimension mismatch - outputs: torch.Size([32, 48, 1]), targets: torch.Size([32, 192, 1])
2024-12-04 13:47:44,319 - training.trainer - WARNING - Dimension mismatch - outputs: torch.Size([32, 48, 1]), targets: torch.Size([32, 192, 1])
2024-12-04 13:47:44,345 - training.trainer - WARNING - Dimension mismatch - outputs: torch.Size([32, 48, 1]), targets: torch.Size([32, 192, 1])
2024-12-04 13:47:44,375 - training.trainer - WARNING - Dimension mismatch - outputs: torch.Size([32, 48, 1]), targets: torch.Size([32, 192, 1])
2024-12-04 13:47:44,400 - training.trainer - WARNING - Dimension mismatch - outputs: torch.Size([32, 48, 1]), targets: torch.Size([32, 192, 1])
2024-12-04 13:47:44,429 - training.trainer - WARNING - Dimension mismatch - outputs: torch.Size([32, 48, 1]), targets: torch.Size([32, 192, 1])
2024-12-04 13:47:44,459 - training.trainer - WARNING - Dimension mismatch - outputs: torch.Size([32, 48, 1]), targets: torch.Size([32, 192, 1])
2024-12-04 13:47:44,485 - training.trainer - WARNING - Dimension mismatch - outputs: torch.Size([32, 48, 1]), targets: torch.Size([32, 192, 1])
2024-12-04 13:47:44,513 - training.trainer - WARNING - Dimension mismatch - outputs: torch.Size([32, 48, 1]), targets: torch.Size([32, 192, 1])
2024-12-04 13:47:44,544 - training.trainer - WARNING - Dimension mismatch - outputs: torch.Size([32, 48, 1]), targets: torch.Size([32, 192, 1])
2024-12-04 13:47:44,568 - training.trainer - WARNING - Dimension mismatch - outputs: torch.Size([32, 48, 1]), targets: torch.Size([32, 192, 1])
2024-12-04 13:47:44,596 - training.trainer - WARNING - Dimension mismatch - outputs: torch.Size([32, 48, 1]), targets: torch.Size([32, 192, 1])
2024-12-04 13:47:44,626 - training.trainer - WARNING - Dimension mismatch - outputs: torch.Size([32, 48, 1]), targets: torch.Size([32, 192, 1])
2024-12-04 13:47:44,654 - training.trainer - WARNING - Dimension mismatch - outputs: torch.Size([32, 48, 1]), targets: torch.Size([32, 192, 1])
2024-12-04 13:47:44,688 - training.trainer - WARNING - Dimension mismatch - outputs: torch.Size([32, 48, 1]), targets: torch.Size([32, 192, 1])
2024-12-04 13:47:44,722 - training.trainer - WARNING - Dimension mismatch - outputs: torch.Size([32, 48, 1]), targets: torch.Size([32, 192, 1])
2024-12-04 13:47:44,745 - training.trainer - WARNING - Dimension mismatch - outputs: torch.Size([32, 48, 1]), targets: torch.Size([32, 192, 1])
2024-12-04 13:47:44,774 - training.trainer - WARNING - Dimension mismatch - outputs: torch.Size([32, 48, 1]), targets: torch.Size([32, 192, 1])
2024-12-04 13:47:44,807 - training.trainer - WARNING - Dimension mismatch - outputs: torch.Size([32, 48, 1]), targets: torch.Size([32, 192, 1])
2024-12-04 13:47:44,837 - training.trainer - WARNING - Dimension mismatch - outputs: torch.Size([32, 48, 1]), targets: torch.Size([32, 192, 1])
2024-12-04 13:47:44,867 - training.trainer - WARNING - Dimension mismatch - outputs: torch.Size([32, 48, 1]), targets: torch.Size([32, 192, 1])
2024-12-04 13:47:44,895 - training.trainer - WARNING - Dimension mismatch - outputs: torch.Size([32, 48, 1]), targets: torch.Size([32, 192, 1])
2024-12-04 13:47:44,926 - training.trainer - WARNING - Dimension mismatch - outputs: torch.Size([32, 48, 1]), targets: torch.Size([32, 192, 1])
2024-12-04 13:47:44,954 - training.trainer - WARNING - Dimension mismatch - outputs: torch.Size([32, 48, 1]), targets: torch.Size([32, 192, 1])
2024-12-04 13:47:44,980 - training.trainer - WARNING - Dimension mismatch - outputs: torch.Size([32, 48, 1]), targets: torch.Size([32, 192, 1])
2024-12-04 13:47:45,012 - training.trainer - WARNING - Dimension mismatch - outputs: torch.Size([32, 48, 1]), targets: torch.Size([32, 192, 1])
2024-12-04 13:47:45,041 - training.trainer - WARNING - Dimension mismatch - outputs: torch.Size([32, 48, 1]), targets: torch.Size([32, 192, 1])
2024-12-04 13:47:45,069 - training.trainer - WARNING - Dimension mismatch - outputs: torch.Size([32, 48, 1]), targets: torch.Size([32, 192, 1])
2024-12-04 13:47:45,096 - training.trainer - WARNING - Dimension mismatch - outputs: torch.Size([32, 48, 1]), targets: torch.Size([32, 192, 1])
2024-12-04 13:47:45,124 - training.trainer - WARNING - Dimension mismatch - outputs: torch.Size([32, 48, 1]), targets: torch.Size([32, 192, 1])
2024-12-04 13:47:45,147 - training.trainer - WARNING - Dimension mismatch - outputs: torch.Size([32, 48, 1]), targets: torch.Size([32, 192, 1])
2024-12-04 13:47:45,172 - training.trainer - WARNING - Dimension mismatch - outputs: torch.Size([32, 48, 1]), targets: torch.Size([32, 192, 1])
2024-12-04 13:47:45,202 - training.trainer - WARNING - Dimension mismatch - outputs: torch.Size([32, 48, 1]), targets: torch.Size([32, 192, 1])
2024-12-04 13:47:45,230 - training.trainer - WARNING - Dimension mismatch - outputs: torch.Size([32, 48, 1]), targets: torch.Size([32, 192, 1])
2024-12-04 13:47:45,259 - training.trainer - WARNING - Dimension mismatch - outputs: torch.Size([32, 48, 1]), targets: torch.Size([32, 192, 1])
2024-12-04 13:47:45,289 - training.trainer - WARNING - Dimension mismatch - outputs: torch.Size([32, 48, 1]), targets: torch.Size([32, 192, 1])
2024-12-04 13:47:45,322 - training.trainer - WARNING - Dimension mismatch - outputs: torch.Size([32, 48, 1]), targets: torch.Size([32, 192, 1])
2024-12-04 13:47:45,347 - training.trainer - WARNING - Dimension mismatch - outputs: torch.Size([32, 48, 1]), targets: torch.Size([32, 192, 1])
2024-12-04 13:47:45,372 - training.trainer - WARNING - Dimension mismatch - outputs: torch.Size([32, 48, 1]), targets: torch.Size([32, 192, 1])
2024-12-04 13:47:45,402 - training.trainer - WARNING - Dimension mismatch - outputs: torch.Size([32, 48, 1]), targets: torch.Size([32, 192, 1])
2024-12-04 13:47:45,431 - training.trainer - WARNING - Dimension mismatch - outputs: torch.Size([32, 48, 1]), targets: torch.Size([32, 192, 1])
2024-12-04 13:47:45,461 - training.trainer - WARNING - Dimension mismatch - outputs: torch.Size([32, 48, 1]), targets: torch.Size([32, 192, 1])
2024-12-04 13:47:45,488 - training.trainer - WARNING - Dimension mismatch - outputs: torch.Size([32, 48, 1]), targets: torch.Size([32, 192, 1])
2024-12-04 13:47:45,517 - training.trainer - WARNING - Dimension mismatch - outputs: torch.Size([32, 48, 1]), targets: torch.Size([32, 192, 1])
2024-12-04 13:47:45,542 - training.trainer - WARNING - Dimension mismatch - outputs: torch.Size([32, 48, 1]), targets: torch.Size([32, 192, 1])
2024-12-04 13:47:45,571 - training.trainer - WARNING - Dimension mismatch - outputs: torch.Size([32, 48, 1]), targets: torch.Size([32, 192, 1])
2024-12-04 13:47:45,603 - training.trainer - WARNING - Dimension mismatch - outputs: torch.Size([32, 48, 1]), targets: torch.Size([32, 192, 1])
2024-12-04 13:47:45,636 - training.trainer - WARNING - Dimension mismatch - outputs: torch.Size([32, 48, 1]), targets: torch.Size([32, 192, 1])
2024-12-04 13:47:45,665 - training.trainer - WARNING - Dimension mismatch - outputs: torch.Size([32, 48, 1]), targets: torch.Size([32, 192, 1])
2024-12-04 13:47:45,692 - training.trainer - WARNING - Dimension mismatch - outputs: torch.Size([32, 48, 1]), targets: torch.Size([32, 192, 1])
2024-12-04 13:47:45,721 - training.trainer - WARNING - Dimension mismatch - outputs: torch.Size([32, 48, 1]), targets: torch.Size([32, 192, 1])
2024-12-04 13:47:45,750 - training.trainer - WARNING - Dimension mismatch - outputs: torch.Size([32, 48, 1]), targets: torch.Size([32, 192, 1])
2024-12-04 13:47:45,777 - training.trainer - WARNING - Dimension mismatch - outputs: torch.Size([32, 48, 1]), targets: torch.Size([32, 192, 1])
2024-12-04 13:47:45,804 - training.trainer - WARNING - Dimension mismatch - outputs: torch.Size([32, 48, 1]), targets: torch.Size([32, 192, 1])
2024-12-04 13:47:45,834 - training.trainer - WARNING - Dimension mismatch - outputs: torch.Size([32, 48, 1]), targets: torch.Size([32, 192, 1])
2024-12-04 13:47:45,868 - training.trainer - WARNING - Dimension mismatch - outputs: torch.Size([32, 48, 1]), targets: torch.Size([32, 192, 1])
2024-12-04 13:47:45,918 - training.trainer - WARNING - Dimension mismatch - outputs: torch.Size([32, 48, 1]), targets: torch.Size([32, 192, 1])
2024-12-04 13:47:45,940 - training.trainer - WARNING - Dimension mismatch - outputs: torch.Size([32, 48, 1]), targets: torch.Size([32, 192, 1])
2024-12-04 13:47:45,963 - training.trainer - WARNING - Dimension mismatch - outputs: torch.Size([32, 48, 1]), targets: torch.Size([32, 192, 1])
2024-12-04 13:47:45,990 - training.trainer - WARNING - Dimension mismatch - outputs: torch.Size([32, 48, 1]), targets: torch.Size([32, 192, 1])
2024-12-04 13:47:46,020 - training.trainer - WARNING - Dimension mismatch - outputs: torch.Size([32, 48, 1]), targets: torch.Size([32, 192, 1])
2024-12-04 13:47:46,052 - training.trainer - WARNING - Dimension mismatch - outputs: torch.Size([32, 48, 1]), targets: torch.Size([32, 192, 1])
2024-12-04 13:47:46,082 - training.trainer - WARNING - Dimension mismatch - outputs: torch.Size([32, 48, 1]), targets: torch.Size([32, 192, 1])
2024-12-04 13:47:46,107 - training.trainer - WARNING - Dimension mismatch - outputs: torch.Size([32, 48, 1]), targets: torch.Size([32, 192, 1])
2024-12-04 13:47:46,141 - training.trainer - WARNING - Dimension mismatch - outputs: torch.Size([32, 48, 1]), targets: torch.Size([32, 192, 1])
2024-12-04 13:47:46,168 - training.trainer - WARNING - Dimension mismatch - outputs: torch.Size([32, 48, 1]), targets: torch.Size([32, 192, 1])
2024-12-04 13:47:46,197 - training.trainer - WARNING - Dimension mismatch - outputs: torch.Size([32, 48, 1]), targets: torch.Size([32, 192, 1])
2024-12-04 13:47:46,227 - training.trainer - WARNING - Dimension mismatch - outputs: torch.Size([32, 48, 1]), targets: torch.Size([32, 192, 1])
2024-12-04 13:47:46,255 - training.trainer - WARNING - Dimension mismatch - outputs: torch.Size([32, 48, 1]), targets: torch.Size([32, 192, 1])
2024-12-04 13:47:46,282 - training.trainer - WARNING - Dimension mismatch - outputs: torch.Size([32, 48, 1]), targets: torch.Size([32, 192, 1])
2024-12-04 13:47:46,309 - training.trainer - WARNING - Dimension mismatch - outputs: torch.Size([32, 48, 1]), targets: torch.Size([32, 192, 1])
2024-12-04 13:47:46,336 - training.trainer - WARNING - Dimension mismatch - outputs: torch.Size([32, 48, 1]), targets: torch.Size([32, 192, 1])
2024-12-04 13:47:46,363 - training.trainer - WARNING - Dimension mismatch - outputs: torch.Size([32, 48, 1]), targets: torch.Size([32, 192, 1])
2024-12-04 13:47:46,393 - training.trainer - WARNING - Dimension mismatch - outputs: torch.Size([32, 48, 1]), targets: torch.Size([32, 192, 1])
2024-12-04 13:47:46,423 - training.trainer - WARNING - Dimension mismatch - outputs: torch.Size([32, 48, 1]), targets: torch.Size([32, 192, 1])
2024-12-04 13:47:46,451 - training.trainer - WARNING - Dimension mismatch - outputs: torch.Size([32, 48, 1]), targets: torch.Size([32, 192, 1])
2024-12-04 13:47:46,477 - training.trainer - WARNING - Dimension mismatch - outputs: torch.Size([32, 48, 1]), targets: torch.Size([32, 192, 1])
2024-12-04 13:47:46,505 - training.trainer - WARNING - Dimension mismatch - outputs: torch.Size([32, 48, 1]), targets: torch.Size([32, 192, 1])
2024-12-04 13:47:46,534 - training.trainer - WARNING - Dimension mismatch - outputs: torch.Size([32, 48, 1]), targets: torch.Size([32, 192, 1])
2024-12-04 13:47:46,563 - training.trainer - WARNING - Dimension mismatch - outputs: torch.Size([32, 48, 1]), targets: torch.Size([32, 192, 1])
2024-12-04 13:47:46,592 - training.trainer - WARNING - Dimension mismatch - outputs: torch.Size([32, 48, 1]), targets: torch.Size([32, 192, 1])
2024-12-04 13:47:46,621 - training.trainer - WARNING - Dimension mismatch - outputs: torch.Size([32, 48, 1]), targets: torch.Size([32, 192, 1])
2024-12-04 13:47:46,649 - training.trainer - WARNING - Dimension mismatch - outputs: torch.Size([32, 48, 1]), targets: torch.Size([32, 192, 1])
2024-12-04 13:47:46,680 - training.trainer - WARNING - Dimension mismatch - outputs: torch.Size([32, 48, 1]), targets: torch.Size([32, 192, 1])
2024-12-04 13:47:46,707 - training.trainer - WARNING - Dimension mismatch - outputs: torch.Size([32, 48, 1]), targets: torch.Size([32, 192, 1])
2024-12-04 13:47:46,734 - training.trainer - WARNING - Dimension mismatch - outputs: torch.Size([32, 48, 1]), targets: torch.Size([32, 192, 1])
2024-12-04 13:47:46,766 - training.trainer - WARNING - Dimension mismatch - outputs: torch.Size([32, 48, 1]), targets: torch.Size([32, 192, 1])
2024-12-04 13:47:46,793 - training.trainer - WARNING - Dimension mismatch - outputs: torch.Size([32, 48, 1]), targets: torch.Size([32, 192, 1])
2024-12-04 13:47:46,820 - training.trainer - WARNING - Dimension mismatch - outputs: torch.Size([32, 48, 1]), targets: torch.Size([32, 192, 1])
2024-12-04 13:47:46,844 - training.trainer - WARNING - Dimension mismatch - outputs: torch.Size([32, 48, 1]), targets: torch.Size([32, 192, 1])
2024-12-04 13:47:46,877 - training.trainer - WARNING - Dimension mismatch - outputs: torch.Size([32, 48, 1]), targets: torch.Size([32, 192, 1])
2024-12-04 13:47:46,905 - training.trainer - WARNING - Dimension mismatch - outputs: torch.Size([32, 48, 1]), targets: torch.Size([32, 192, 1])
2024-12-04 13:47:46,934 - training.trainer - WARNING - Dimension mismatch - outputs: torch.Size([32, 48, 1]), targets: torch.Size([32, 192, 1])
2024-12-04 13:47:46,965 - training.trainer - WARNING - Dimension mismatch - outputs: torch.Size([32, 48, 1]), targets: torch.Size([32, 192, 1])
2024-12-04 13:47:46,999 - training.trainer - WARNING - Dimension mismatch - outputs: torch.Size([32, 48, 1]), targets: torch.Size([32, 192, 1])
2024-12-04 13:47:47,025 - training.trainer - WARNING - Dimension mismatch - outputs: torch.Size([32, 48, 1]), targets: torch.Size([32, 192, 1])
2024-12-04 13:47:47,059 - training.trainer - WARNING - Dimension mismatch - outputs: torch.Size([32, 48, 1]), targets: torch.Size([32, 192, 1])
2024-12-04 13:47:47,082 - training.trainer - WARNING - Dimension mismatch - outputs: torch.Size([32, 48, 1]), targets: torch.Size([32, 192, 1])
2024-12-04 13:47:47,110 - training.trainer - WARNING - Dimension mismatch - outputs: torch.Size([32, 48, 1]), targets: torch.Size([32, 192, 1])
2024-12-04 13:47:47,137 - training.trainer - WARNING - Dimension mismatch - outputs: torch.Size([32, 48, 1]), targets: torch.Size([32, 192, 1])
2024-12-04 13:47:47,165 - training.trainer - WARNING - Dimension mismatch - outputs: torch.Size([32, 48, 1]), targets: torch.Size([32, 192, 1])
2024-12-04 13:47:47,198 - training.trainer - WARNING - Dimension mismatch - outputs: torch.Size([32, 48, 1]), targets: torch.Size([32, 192, 1])
2024-12-04 13:47:47,220 - training.trainer - WARNING - Dimension mismatch - outputs: torch.Size([32, 48, 1]), targets: torch.Size([32, 192, 1])
2024-12-04 13:47:47,249 - training.trainer - WARNING - Dimension mismatch - outputs: torch.Size([32, 48, 1]), targets: torch.Size([32, 192, 1])
2024-12-04 13:47:47,279 - training.trainer - WARNING - Dimension mismatch - outputs: torch.Size([32, 48, 1]), targets: torch.Size([32, 192, 1])
2024-12-04 13:47:47,308 - training.trainer - WARNING - Dimension mismatch - outputs: torch.Size([32, 48, 1]), targets: torch.Size([32, 192, 1])
2024-12-04 13:47:47,334 - training.trainer - WARNING - Dimension mismatch - outputs: torch.Size([32, 48, 1]), targets: torch.Size([32, 192, 1])
2024-12-04 13:47:47,362 - training.trainer - WARNING - Dimension mismatch - outputs: torch.Size([32, 48, 1]), targets: torch.Size([32, 192, 1])
2024-12-04 13:47:47,388 - training.trainer - WARNING - Dimension mismatch - outputs: torch.Size([32, 48, 1]), targets: torch.Size([32, 192, 1])
2024-12-04 13:47:47,415 - training.trainer - WARNING - Dimension mismatch - outputs: torch.Size([32, 48, 1]), targets: torch.Size([32, 192, 1])
2024-12-04 13:47:47,442 - training.trainer - WARNING - Dimension mismatch - outputs: torch.Size([32, 48, 1]), targets: torch.Size([32, 192, 1])
2024-12-04 13:47:47,472 - training.trainer - WARNING - Dimension mismatch - outputs: torch.Size([32, 48, 1]), targets: torch.Size([32, 192, 1])
2024-12-04 13:47:47,506 - training.trainer - WARNING - Dimension mismatch - outputs: torch.Size([32, 48, 1]), targets: torch.Size([32, 192, 1])
2024-12-04 13:47:47,533 - training.trainer - WARNING - Dimension mismatch - outputs: torch.Size([32, 48, 1]), targets: torch.Size([32, 192, 1])
2024-12-04 13:47:47,559 - training.trainer - WARNING - Dimension mismatch - outputs: torch.Size([32, 48, 1]), targets: torch.Size([32, 192, 1])
2024-12-04 13:47:47,587 - training.trainer - WARNING - Dimension mismatch - outputs: torch.Size([32, 48, 1]), targets: torch.Size([32, 192, 1])
2024-12-04 13:47:47,619 - training.trainer - WARNING - Dimension mismatch - outputs: torch.Size([32, 48, 1]), targets: torch.Size([32, 192, 1])
2024-12-04 13:47:47,653 - training.trainer - WARNING - Dimension mismatch - outputs: torch.Size([32, 48, 1]), targets: torch.Size([32, 192, 1])
2024-12-04 13:47:47,679 - training.trainer - WARNING - Dimension mismatch - outputs: torch.Size([32, 48, 1]), targets: torch.Size([32, 192, 1])
2024-12-04 13:47:47,713 - training.trainer - WARNING - Dimension mismatch - outputs: torch.Size([32, 48, 1]), targets: torch.Size([32, 192, 1])
2024-12-04 13:47:47,742 - training.trainer - WARNING - Dimension mismatch - outputs: torch.Size([32, 48, 1]), targets: torch.Size([32, 192, 1])
2024-12-04 13:47:47,768 - training.trainer - WARNING - Dimension mismatch - outputs: torch.Size([32, 48, 1]), targets: torch.Size([32, 192, 1])
2024-12-04 13:47:47,796 - training.trainer - WARNING - Dimension mismatch - outputs: torch.Size([32, 48, 1]), targets: torch.Size([32, 192, 1])
2024-12-04 13:47:47,829 - training.trainer - WARNING - Dimension mismatch - outputs: torch.Size([32, 48, 1]), targets: torch.Size([32, 192, 1])
2024-12-04 13:47:47,863 - training.trainer - WARNING - Dimension mismatch - outputs: torch.Size([32, 48, 1]), targets: torch.Size([32, 192, 1])
2024-12-04 13:47:47,891 - training.trainer - WARNING - Dimension mismatch - outputs: torch.Size([32, 48, 1]), targets: torch.Size([32, 192, 1])
2024-12-04 13:47:47,919 - training.trainer - WARNING - Dimension mismatch - outputs: torch.Size([32, 48, 1]), targets: torch.Size([32, 192, 1])
2024-12-04 13:47:47,949 - training.trainer - WARNING - Dimension mismatch - outputs: torch.Size([32, 48, 1]), targets: torch.Size([32, 192, 1])
2024-12-04 13:47:47,978 - training.trainer - WARNING - Dimension mismatch - outputs: torch.Size([32, 48, 1]), targets: torch.Size([32, 192, 1])
2024-12-04 13:47:48,004 - training.trainer - WARNING - Dimension mismatch - outputs: torch.Size([32, 48, 1]), targets: torch.Size([32, 192, 1])
2024-12-04 13:47:48,034 - training.trainer - WARNING - Dimension mismatch - outputs: torch.Size([32, 48, 1]), targets: torch.Size([32, 192, 1])
2024-12-04 13:47:48,061 - training.trainer - WARNING - Dimension mismatch - outputs: torch.Size([32, 48, 1]), targets: torch.Size([32, 192, 1])
2024-12-04 13:47:48,095 - training.trainer - WARNING - Dimension mismatch - outputs: torch.Size([32, 48, 1]), targets: torch.Size([32, 192, 1])
2024-12-04 13:47:48,124 - training.trainer - WARNING - Dimension mismatch - outputs: torch.Size([32, 48, 1]), targets: torch.Size([32, 192, 1])
2024-12-04 13:47:48,151 - training.trainer - WARNING - Dimension mismatch - outputs: torch.Size([32, 48, 1]), targets: torch.Size([32, 192, 1])
2024-12-04 13:47:48,180 - training.trainer - WARNING - Dimension mismatch - outputs: torch.Size([32, 48, 1]), targets: torch.Size([32, 192, 1])
2024-12-04 13:47:48,215 - training.trainer - WARNING - Dimension mismatch - outputs: torch.Size([32, 48, 1]), targets: torch.Size([32, 192, 1])
2024-12-04 13:47:48,258 - training.trainer - WARNING - Dimension mismatch - outputs: torch.Size([32, 48, 1]), targets: torch.Size([32, 192, 1])
2024-12-04 13:47:48,301 - training.trainer - WARNING - Dimension mismatch - outputs: torch.Size([32, 48, 1]), targets: torch.Size([32, 192, 1])
2024-12-04 13:47:48,324 - training.trainer - WARNING - Dimension mismatch - outputs: torch.Size([32, 48, 1]), targets: torch.Size([32, 192, 1])
2024-12-04 13:47:48,359 - training.trainer - WARNING - Dimension mismatch - outputs: torch.Size([32, 48, 1]), targets: torch.Size([32, 192, 1])
2024-12-04 13:47:48,385 - training.trainer - WARNING - Dimension mismatch - outputs: torch.Size([32, 48, 1]), targets: torch.Size([32, 192, 1])
2024-12-04 13:47:48,415 - training.trainer - WARNING - Dimension mismatch - outputs: torch.Size([32, 48, 1]), targets: torch.Size([32, 192, 1])
2024-12-04 13:47:48,444 - training.trainer - WARNING - Dimension mismatch - outputs: torch.Size([32, 48, 1]), targets: torch.Size([32, 192, 1])
2024-12-04 13:47:48,472 - training.trainer - WARNING - Dimension mismatch - outputs: torch.Size([32, 48, 1]), targets: torch.Size([32, 192, 1])
2024-12-04 13:47:48,498 - training.trainer - WARNING - Dimension mismatch - outputs: torch.Size([32, 48, 1]), targets: torch.Size([32, 192, 1])
2024-12-04 13:47:48,526 - training.trainer - WARNING - Dimension mismatch - outputs: torch.Size([32, 48, 1]), targets: torch.Size([32, 192, 1])
2024-12-04 13:47:48,557 - training.trainer - WARNING - Dimension mismatch - outputs: torch.Size([32, 48, 1]), targets: torch.Size([32, 192, 1])
2024-12-04 13:47:48,590 - training.trainer - WARNING - Dimension mismatch - outputs: torch.Size([32, 48, 1]), targets: torch.Size([32, 192, 1])
2024-12-04 13:47:48,622 - training.trainer - WARNING - Dimension mismatch - outputs: torch.Size([32, 48, 1]), targets: torch.Size([32, 192, 1])
2024-12-04 13:47:48,658 - training.trainer - WARNING - Dimension mismatch - outputs: torch.Size([32, 48, 1]), targets: torch.Size([32, 192, 1])
2024-12-04 13:47:48,692 - training.trainer - WARNING - Dimension mismatch - outputs: torch.Size([32, 48, 1]), targets: torch.Size([32, 192, 1])
2024-12-04 13:47:48,716 - training.trainer - WARNING - Dimension mismatch - outputs: torch.Size([32, 48, 1]), targets: torch.Size([32, 192, 1])
2024-12-04 13:47:48,745 - training.trainer - WARNING - Dimension mismatch - outputs: torch.Size([32, 48, 1]), targets: torch.Size([32, 192, 1])
2024-12-04 13:47:48,777 - training.trainer - WARNING - Dimension mismatch - outputs: torch.Size([32, 48, 1]), targets: torch.Size([32, 192, 1])
2024-12-04 13:47:48,806 - training.trainer - WARNING - Dimension mismatch - outputs: torch.Size([32, 48, 1]), targets: torch.Size([32, 192, 1])
2024-12-04 13:47:48,832 - training.trainer - WARNING - Dimension mismatch - outputs: torch.Size([32, 48, 1]), targets: torch.Size([32, 192, 1])
2024-12-04 13:47:48,865 - training.trainer - WARNING - Dimension mismatch - outputs: torch.Size([32, 48, 1]), targets: torch.Size([32, 192, 1])
2024-12-04 13:47:48,894 - training.trainer - WARNING - Dimension mismatch - outputs: torch.Size([32, 48, 1]), targets: torch.Size([32, 192, 1])
2024-12-04 13:47:48,924 - training.trainer - WARNING - Dimension mismatch - outputs: torch.Size([32, 48, 1]), targets: torch.Size([32, 192, 1])
2024-12-04 13:47:48,951 - training.trainer - WARNING - Dimension mismatch - outputs: torch.Size([32, 48, 1]), targets: torch.Size([32, 192, 1])
2024-12-04 13:47:48,988 - training.trainer - WARNING - Dimension mismatch - outputs: torch.Size([32, 48, 1]), targets: torch.Size([32, 192, 1])
2024-12-04 13:47:49,020 - training.trainer - WARNING - Dimension mismatch - outputs: torch.Size([32, 48, 1]), targets: torch.Size([32, 192, 1])
2024-12-04 13:47:49,046 - training.trainer - WARNING - Dimension mismatch - outputs: torch.Size([32, 48, 1]), targets: torch.Size([32, 192, 1])
2024-12-04 13:47:49,077 - training.trainer - WARNING - Dimension mismatch - outputs: torch.Size([32, 48, 1]), targets: torch.Size([32, 192, 1])
2024-12-04 13:47:49,103 - training.trainer - WARNING - Dimension mismatch - outputs: torch.Size([32, 48, 1]), targets: torch.Size([32, 192, 1])
2024-12-04 13:47:49,129 - training.trainer - WARNING - Dimension mismatch - outputs: torch.Size([32, 48, 1]), targets: torch.Size([32, 192, 1])
2024-12-04 13:47:49,162 - training.trainer - WARNING - Dimension mismatch - outputs: torch.Size([32, 48, 1]), targets: torch.Size([32, 192, 1])
2024-12-04 13:47:49,197 - training.trainer - WARNING - Dimension mismatch - outputs: torch.Size([32, 48, 1]), targets: torch.Size([32, 192, 1])
2024-12-04 13:47:49,231 - training.trainer - WARNING - Dimension mismatch - outputs: torch.Size([32, 48, 1]), targets: torch.Size([32, 192, 1])
2024-12-04 13:47:49,269 - training.trainer - WARNING - Dimension mismatch - outputs: torch.Size([32, 48, 1]), targets: torch.Size([32, 192, 1])
2024-12-04 13:47:49,304 - training.trainer - WARNING - Dimension mismatch - outputs: torch.Size([32, 48, 1]), targets: torch.Size([32, 192, 1])
2024-12-04 13:47:49,328 - training.trainer - WARNING - Dimension mismatch - outputs: torch.Size([32, 48, 1]), targets: torch.Size([32, 192, 1])
2024-12-04 13:47:49,360 - training.trainer - WARNING - Dimension mismatch - outputs: torch.Size([32, 48, 1]), targets: torch.Size([32, 192, 1])
2024-12-04 13:47:49,389 - training.trainer - WARNING - Dimension mismatch - outputs: torch.Size([32, 48, 1]), targets: torch.Size([32, 192, 1])
